2018-03-28 14:57:13 - PHP Notice:  Undefined variable: error_firstname in D:\OSPanel\domains\opencart-not-unionpaint.localhost\ocstore\catalog\view\theme\default\template\account\register.tpl on line 49
2018-03-28 14:57:13 - PHP Notice:  Undefined variable: error_lastname in D:\OSPanel\domains\opencart-not-unionpaint.localhost\ocstore\catalog\view\theme\default\template\account\register.tpl on line 58
2018-03-28 14:57:13 - PHP Notice:  Undefined variable: error_telephone in D:\OSPanel\domains\opencart-not-unionpaint.localhost\ocstore\catalog\view\theme\default\template\account\register.tpl on line 76
2018-03-28 15:09:33 - PHP Notice:  Undefined variable: entry_fax in D:\OSPanel\domains\opencart-not-unionpaint.localhost\ocstore\catalog\view\theme\default\template\account\register.tpl on line 82
2018-03-28 15:09:33 - PHP Notice:  Undefined variable: entry_fax in D:\OSPanel\domains\opencart-not-unionpaint.localhost\ocstore\catalog\view\theme\default\template\account\register.tpl on line 84
2018-03-28 15:11:28 - PHP Notice:  Undefined variable: entry_fax in D:\OSPanel\domains\opencart-not-unionpaint.localhost\ocstore\catalog\view\theme\default\template\account\register.tpl on line 82
2018-03-28 15:11:28 - PHP Notice:  Undefined variable: fax in D:\OSPanel\domains\opencart-not-unionpaint.localhost\ocstore\catalog\view\theme\default\template\account\register.tpl on line 84
2018-03-28 15:11:28 - PHP Notice:  Undefined variable: entry_fax in D:\OSPanel\domains\opencart-not-unionpaint.localhost\ocstore\catalog\view\theme\default\template\account\register.tpl on line 84
2018-03-28 15:22:05 - PHP Notice:  Undefined variable: entry_fax in D:\OSPanel\domains\opencart-not-unionpaint.localhost\ocstore\catalog\view\theme\default\template\account\register.tpl on line 82
2018-03-28 15:22:05 - PHP Notice:  Undefined variable: fax in D:\OSPanel\domains\opencart-not-unionpaint.localhost\ocstore\catalog\view\theme\default\template\account\register.tpl on line 84
2018-03-28 15:22:05 - PHP Notice:  Undefined variable: entry_fax in D:\OSPanel\domains\opencart-not-unionpaint.localhost\ocstore\catalog\view\theme\default\template\account\register.tpl on line 84
2018-03-28 15:23:56 - PHP Notice:  Undefined variable: entry_fax in D:\OSPanel\domains\opencart-not-unionpaint.localhost\ocstore\catalog\view\theme\default\template\account\register.tpl on line 82
2018-03-28 15:23:56 - PHP Notice:  Undefined variable: fax in D:\OSPanel\domains\opencart-not-unionpaint.localhost\ocstore\catalog\view\theme\default\template\account\register.tpl on line 84
2018-03-28 15:23:56 - PHP Notice:  Undefined variable: entry_fax in D:\OSPanel\domains\opencart-not-unionpaint.localhost\ocstore\catalog\view\theme\default\template\account\register.tpl on line 84
2018-03-28 15:24:33 - PHP Notice:  Undefined variable: entry_fax in D:\OSPanel\domains\opencart-not-unionpaint.localhost\ocstore\catalog\view\theme\default\template\account\register.tpl on line 82
2018-03-28 15:24:33 - PHP Notice:  Undefined variable: fax in D:\OSPanel\domains\opencart-not-unionpaint.localhost\ocstore\catalog\view\theme\default\template\account\register.tpl on line 84
2018-03-28 15:24:33 - PHP Notice:  Undefined variable: entry_fax in D:\OSPanel\domains\opencart-not-unionpaint.localhost\ocstore\catalog\view\theme\default\template\account\register.tpl on line 84
2018-03-28 15:43:50 - PHP Notice:  Undefined index: fax in D:\OSPanel\domains\opencart-not-unionpaint.localhost\ocstore\catalog\model\account\customer.php on line 14
2018-03-28 15:43:50 - PHP Notice:  Undefined index: company in D:\OSPanel\domains\opencart-not-unionpaint.localhost\ocstore\catalog\model\account\customer.php on line 18
2018-03-28 15:45:53 - PHP Notice:  Undefined variable: fax in D:\OSPanel\domains\opencart-not-unionpaint.localhost\ocstore\catalog\view\theme\default\template\account\register.tpl on line 84
2018-03-28 15:46:17 - PHP Notice:  Undefined variable: fax in D:\OSPanel\domains\opencart-not-unionpaint.localhost\ocstore\catalog\view\theme\default\template\account\register.tpl on line 84
2018-03-28 15:46:28 - PHP Notice:  Undefined variable: fax in D:\OSPanel\domains\opencart-not-unionpaint.localhost\ocstore\catalog\view\theme\default\template\account\register.tpl on line 84
2018-03-28 15:46:42 - PHP Notice:  Undefined variable: fax in D:\OSPanel\domains\opencart-not-unionpaint.localhost\ocstore\catalog\view\theme\default\template\account\register.tpl on line 84
2018-03-28 15:46:54 - PHP Notice:  Undefined variable: fax in D:\OSPanel\domains\opencart-not-unionpaint.localhost\ocstore\catalog\view\theme\default\template\account\register.tpl on line 84
2018-03-28 15:48:30 - PHP Notice:  Undefined variable: fax in D:\OSPanel\domains\opencart-not-unionpaint.localhost\ocstore\catalog\view\theme\default\template\account\register.tpl on line 84
2018-03-28 15:49:17 - PHP Notice:  Undefined variable: fax in D:\OSPanel\domains\opencart-not-unionpaint.localhost\ocstore\catalog\view\theme\default\template\account\register.tpl on line 84
2018-04-21 21:49:10 - PHP Notice:  Undefined variable: telephone in D:\OSPanel\domains\opencart-not-unionpaint.localhost\ocstore_module_test\catalog\view\theme\default\template\account\register.tpl on line 76
2018-04-21 21:49:10 - PHP Notice:  Undefined variable: error_telephone in D:\OSPanel\domains\opencart-not-unionpaint.localhost\ocstore_module_test\catalog\view\theme\default\template\account\register.tpl on line 77
2018-04-21 21:49:45 - PHP Notice:  Undefined index: telephone in D:\OSPanel\domains\opencart-not-unionpaint.localhost\ocstore_module_test\catalog\model\account\customer.php on line 14
2018-04-21 21:49:45 - PHP Notice:  Undefined index: telephone in D:\OSPanel\domains\opencart-not-unionpaint.localhost\ocstore_module_test\catalog\model\account\customer.php on line 65
2018-04-21 21:49:45 - PHP Warning:  Cannot modify header information - headers already sent by (output started at D:\OSPanel\domains\opencart-not-unionpaint.localhost\ocstore_module_test\catalog\controller\startup\error.php:34) in D:\OSPanel\domains\opencart-not-unionpaint.localhost\ocstore_module_test\system\library\response.php on line 12
2018-04-21 22:00:38 - PHP Notice:  Undefined variable: entry_telephone in D:\OSPanel\domains\opencart-not-unionpaint.localhost\ocstore_module_test\catalog\view\theme\default\template\account\edit.tpl on line 53
2018-04-21 22:00:38 - PHP Notice:  Undefined variable: telephone in D:\OSPanel\domains\opencart-not-unionpaint.localhost\ocstore_module_test\catalog\view\theme\default\template\account\edit.tpl on line 55
2018-04-21 22:00:38 - PHP Notice:  Undefined variable: entry_telephone in D:\OSPanel\domains\opencart-not-unionpaint.localhost\ocstore_module_test\catalog\view\theme\default\template\account\edit.tpl on line 55
2018-04-21 22:00:38 - PHP Notice:  Undefined variable: error_telephone in D:\OSPanel\domains\opencart-not-unionpaint.localhost\ocstore_module_test\catalog\view\theme\default\template\account\edit.tpl on line 56
2018-04-21 22:01:35 - PHP Notice:  Undefined variable: telephone in D:\OSPanel\domains\opencart-not-unionpaint.localhost\ocstore_module_test\catalog\view\theme\default\template\account\register.tpl on line 76
2018-04-21 22:01:35 - PHP Notice:  Undefined variable: error_telephone in D:\OSPanel\domains\opencart-not-unionpaint.localhost\ocstore_module_test\catalog\view\theme\default\template\account\register.tpl on line 77
2018-04-21 22:02:28 - PHP Notice:  Undefined variable: entry_telephone in D:\OSPanel\domains\opencart-not-unionpaint.localhost\ocstore_module_test\catalog\view\theme\default\template\account\edit.tpl on line 53
2018-04-21 22:02:28 - PHP Notice:  Undefined variable: telephone in D:\OSPanel\domains\opencart-not-unionpaint.localhost\ocstore_module_test\catalog\view\theme\default\template\account\edit.tpl on line 55
2018-04-21 22:02:28 - PHP Notice:  Undefined variable: entry_telephone in D:\OSPanel\domains\opencart-not-unionpaint.localhost\ocstore_module_test\catalog\view\theme\default\template\account\edit.tpl on line 55
2018-04-21 22:02:28 - PHP Notice:  Undefined variable: error_telephone in D:\OSPanel\domains\opencart-not-unionpaint.localhost\ocstore_module_test\catalog\view\theme\default\template\account\edit.tpl on line 56
2018-04-21 22:02:51 - PHP Notice:  Undefined variable: entry_telephone in D:\OSPanel\domains\opencart-not-unionpaint.localhost\ocstore_module_test\catalog\view\theme\default\template\account\edit.tpl on line 53
2018-04-21 22:02:51 - PHP Notice:  Undefined variable: telephone in D:\OSPanel\domains\opencart-not-unionpaint.localhost\ocstore_module_test\catalog\view\theme\default\template\account\edit.tpl on line 55
2018-04-21 22:02:51 - PHP Notice:  Undefined variable: entry_telephone in D:\OSPanel\domains\opencart-not-unionpaint.localhost\ocstore_module_test\catalog\view\theme\default\template\account\edit.tpl on line 55
2018-04-21 22:02:51 - PHP Notice:  Undefined variable: error_telephone in D:\OSPanel\domains\opencart-not-unionpaint.localhost\ocstore_module_test\catalog\view\theme\default\template\account\edit.tpl on line 56
2018-04-21 22:05:59 - PHP Notice:  Undefined variable: telephone in D:\OSPanel\domains\opencart-not-unionpaint.localhost\ocstore_module_test\catalog\view\theme\default\template\account\register.tpl on line 76
2018-04-21 22:05:59 - PHP Notice:  Undefined variable: error_telephone in D:\OSPanel\domains\opencart-not-unionpaint.localhost\ocstore_module_test\catalog\view\theme\default\template\account\register.tpl on line 77
