2018-04-05 11:37:23 - MOD: Modification Default

FILE: system/engine/action.php
REGEX: ~(require|include)(_once)?\(([^)]+)~
LINE: 41

FILE: system/engine/loader.php
REGEX: ~(require|include)(_once)?\(([^)]+)~
LINE: 49
LINE: 108
LINE: 120
LINE: 165

FILE: system/library/config.php
REGEX: ~(require|include)(_once)?\(([^)]+)~
LINE: 23

FILE: system/library/language.php
REGEX: ~(require|include)(_once)?\(([^)]+)~
LINE: 38
LINE: 40
LINE: 49
LINE: 51
LINE: 60
LINE: 62

FILE: system/library/template/php.php
REGEX: ~(require|include)(_once)?\(([^)]+)~
LINE: 18

FILE: system/library/template/tiwg.php
REGEX: ~(require|include)(_once)?\(([^)]+)~
LINE: 24
----------------------------------------------------------------
MOD: fondy_payment

FILE: catalog/controller/checkout/checkout.php
CODE: public function index() {
LINE: 11

FILE: catalog/view/theme/default/template/checkout/checkout.tpl
CODE: <h1><?php echo $heading_title; ?></h1>
LINE: 26
----------------------------------------------------------------
MOD: OcStore 2.3.x track number

FILE: admin/controller/sale/order.php
CODE: $data['shipping_method'] = $order_info['shipping_method'];
LINE: 567
LINE: 942
CODE: public function history() {
LINE: 1545

FILE: admin/model/sale/order.php
CODE: $order_query->row['order_id'],
LINE: 96

FILE: catalog/model/checkout/order.php
CODE: $order_query->row['order_id'],
LINE: 170

FILE: admin/view/template/sale/order_info.tpl
CODE: <td><?php echo $text_reward; ?></td>
LINE: 100
CODE: <?php echo $footer; ?>
LINE: 700

FILE: catalog/model/account/order.php
CODE: $order_query->row['order_id'],
LINE: 46

FILE: catalog/controller/account/order.php
CODE: if ($order_info['invoice_no']) {
LINE: 210

FILE: catalog/view/theme/default/template/account/order_info.tpl
CODE: <b><?php echo $text_shipping_method; ?></b> <?php echo $shipping_method; ?>
LINE: 49
----------------------------------------------------------------
MOD: Local copy OCMOD by iSenseLabs

FILE: admin/controller/extension/installer.php
CODE: 'url'  => str_replace('&amp;', '&', $this->url->link('extension/installer/ftp', 'token=' . $this->session->data['token'],
LINE: 131
CODE: public function unzip() {
LINE: 292
----------------------------------------------------------------
2018-04-05 11:37:43 - MOD: Modification Default

FILE: system/engine/action.php
REGEX: ~(require|include)(_once)?\(([^)]+)~
LINE: 41

FILE: system/engine/loader.php
REGEX: ~(require|include)(_once)?\(([^)]+)~
LINE: 49
LINE: 108
LINE: 120
LINE: 165

FILE: system/library/config.php
REGEX: ~(require|include)(_once)?\(([^)]+)~
LINE: 23

FILE: system/library/language.php
REGEX: ~(require|include)(_once)?\(([^)]+)~
LINE: 38
LINE: 40
LINE: 49
LINE: 51
LINE: 60
LINE: 62

FILE: system/library/template/php.php
REGEX: ~(require|include)(_once)?\(([^)]+)~
LINE: 18

FILE: system/library/template/tiwg.php
REGEX: ~(require|include)(_once)?\(([^)]+)~
LINE: 24

FILE: system/library/template/twig.php
NOT FOUND - OPERATIONS ABORTED!
----------------------------------------------------------------
MOD: d_event_manager_startup

FILE: system/library/d_event_manager/action.php
REGEX: ~(require|include)(_once)?\(([^)]+)~
LINE: 44

FILE: system/library/d_event_manager/event.php
NOT FOUND - OPERATIONS ABORTED!

FILE: system/library/d_event_manager/loader.php
REGEX: ~(require|include)(_once)?\(([^)]+)~
LINE: 165

FILE: system/library/d_event_manager/proxy.php
NOT FOUND - OPERATIONS ABORTED!
----------------------------------------------------------------
MOD: fondy_payment

FILE: catalog/controller/checkout/checkout.php
CODE: public function index() {
LINE: 11

FILE: catalog/view/theme/default/template/checkout/checkout.tpl
CODE: <h1><?php echo $heading_title; ?></h1>
LINE: 26
----------------------------------------------------------------
MOD: OcStore 2.3.x track number

FILE: admin/controller/sale/order.php
CODE: $data['shipping_method'] = $order_info['shipping_method'];
LINE: 567
LINE: 942
CODE: public function history() {
LINE: 1545

FILE: admin/model/sale/order.php
CODE: $order_query->row['order_id'],
LINE: 96

FILE: catalog/model/checkout/order.php
CODE: $order_query->row['order_id'],
LINE: 170

FILE: admin/view/template/sale/order_info.tpl
CODE: <td><?php echo $text_reward; ?></td>
LINE: 100
CODE: <?php echo $footer; ?>
LINE: 700

FILE: catalog/model/account/order.php
CODE: $order_query->row['order_id'],
LINE: 46

FILE: catalog/controller/account/order.php
CODE: if ($order_info['invoice_no']) {
LINE: 210

FILE: catalog/view/theme/default/template/account/order_info.tpl
CODE: <b><?php echo $text_shipping_method; ?></b> <?php echo $shipping_method; ?>
LINE: 49
----------------------------------------------------------------
MOD: Local copy OCMOD by iSenseLabs

FILE: admin/controller/extension/installer.php
CODE: 'url'  => str_replace('&amp;', '&', $this->url->link('extension/installer/ftp', 'token=' . $this->session->data['token'],
LINE: 131
CODE: public function unzip() {
LINE: 292
----------------------------------------------------------------
MOD: d_opencart_patch

FILE: admin/controller/extension/extension/dashboard.php
CODE: 'dashboard_' . $this->request->get['extension']
NOT FOUND - OPERATION SKIPPED!
CODE: $this->load->controller('extension/dashboard/' . $this->request->get['extension'] . '/uninstall');
LINE: 48
CODE: $this->model_extension_extension->uninstall('dashboard', $value);
LINE: 94

FILE: admin/controller/event/compatibility.php
CODE: $route = $part[1] . '/' . $part[2];
LINE: 9
LINE: 20

FILE: admin/controller/extension/extension/feed.php
CODE: $this->model_user_user_group->addPermission($this->user->getGroupId(), 'modify', 'extension/feed/' . $this->request->get['extension']);
LINE: 28

FILE: admin/controller/extension/extension/fraud.php
CODE: $this->model_user_user_group->addPermission($this->user->getGroupId(), 'modify', 'extension/fraud/' . $this->request->get['extension']);
LINE: 28

FILE: admin/controller/extension/extension/module.php
CODE: $this->model_user_user_group->addPermission($this->user->getGroupId(), 'modify', 'extension/module/' . $this->request->get['extension']);
LINE: 34
CODE: $data['extensions'][] = array(
LINE: 180

FILE: admin/controller/extension/extension/payment.php
CODE: $this->model_user_user_group->addPermission($this->user->getGroupId(), 'modify', 'extension/payment/' . $this->request->get['extension']);
LINE: 28

FILE: admin/controller/extension/extension/shipping.php
CODE: $this->model_user_user_group->addPermission($this->user->getGroupId(), 'modify', 'extension/shipping/' . $this->request->get['extension']);
LINE: 28

FILE: admin/controller/extension/extension/theme.php
CODE: $this->model_user_user_group->addPermission($this->user->getGroupId(), 'modify', 'extension/theme/' . $this->request->get['extension']);
LINE: 29

FILE: admin/controller/extension/extension/total.php
CODE: $this->model_user_user_group->addPermission($this->user->getGroupId(), 'modify', 'extension/total/' . $this->request->get['extension']);
LINE: 29

FILE: catalog/controller/event/compatibility.php
CODE: $route = $part[1] . '/' . $part[2];
LINE: 27
LINE: 37
LINE: 55

FILE: system/library/cart/user.php
CODE: return in_array($value, $this->permission[$key]);
LINE: 72

FILE: system/config/catalog.php
CODE: $_['action_event'] = array(
LINE: 61
CODE: class ControllerEventCompatibility extends Controller {
LINE: 5
CODE: public function view(&$route, &$data) {
LINE: 40

FILE: admin/model/localisation/language.php
CODE: $this->db->query("DELETE FROM " . DB_PREFIX . "banner_image_description WHERE language_id = '" . (int)$language_id . "'");
NOT FOUND - OPERATION SKIPPED!

FILE: admin/view/template/extension/extension/analytics.tpl
CODE: <?php } ?>
LINE: 32
CODE: <?php } else { ?>
LINE: 48

FILE: admin/controller/user/user_permission.php
CODE: $permission = substr($controller, 0, strrpos($controller, '.'));
LINE: 383
----------------------------------------------------------------
2018-04-05 11:38:45 - MOD: Modification Default
FILE: system/engine/action.php
REGEX: ~(require|include)(_once)?\(([^)]+)~
LINE: 41
FILE: system/engine/loader.php
REGEX: ~(require|include)(_once)?\(([^)]+)~
LINE: 49
LINE: 108
LINE: 120
LINE: 165
FILE: system/library/config.php
REGEX: ~(require|include)(_once)?\(([^)]+)~
LINE: 23
FILE: system/library/language.php
REGEX: ~(require|include)(_once)?\(([^)]+)~
LINE: 38
LINE: 40
LINE: 49
LINE: 51
LINE: 60
LINE: 62
FILE: system/library/template/php.php
REGEX: ~(require|include)(_once)?\(([^)]+)~
LINE: 18
FILE: system/library/template/tiwg.php
REGEX: ~(require|include)(_once)?\(([^)]+)~
LINE: 24
FILE: system/library/template/twig.php
NOT FOUND!
----------------------------------------------------------------
MOD: d_event_manager_startup
FILE: system/library/d_event_manager/action.php
REGEX: ~(require|include)(_once)?\(([^)]+)~
LINE: 44
FILE: system/library/d_event_manager/event.php
NOT FOUND!
FILE: system/library/d_event_manager/loader.php
REGEX: ~(require|include)(_once)?\(([^)]+)~
LINE: 165
FILE: system/library/d_event_manager/proxy.php
NOT FOUND!
----------------------------------------------------------------
MOD: fondy_payment
FILE: catalog/controller/checkout/checkout.php
CODE: public function index() {
LINE: 11
FILE: catalog/view/theme/default/template/checkout/checkout.tpl
CODE: <h1><?php echo $heading_title; ?></h1>
LINE: 26
----------------------------------------------------------------
MOD: OcStore 2.3.x track number
FILE: admin/controller/sale/order.php
CODE: $data['shipping_method'] = $order_info['shipping_method'];
LINE: 567
LINE: 942
CODE: public function history() {
LINE: 1545
FILE: admin/model/sale/order.php
CODE: $order_query->row['order_id'],
LINE: 96
FILE: catalog/model/checkout/order.php
CODE: $order_query->row['order_id'],
LINE: 170
FILE: admin/view/template/sale/order_info.tpl
CODE: <td><?php echo $text_reward; ?></td>
LINE: 100
CODE: <?php echo $footer; ?>
LINE: 700
FILE: catalog/model/account/order.php
CODE: $order_query->row['order_id'],
LINE: 46
FILE: catalog/controller/account/order.php
CODE: if ($order_info['invoice_no']) {
LINE: 210
FILE: catalog/view/theme/default/template/account/order_info.tpl
CODE: <b><?php echo $text_shipping_method; ?></b> <?php echo $shipping_method; ?>
LINE: 49
----------------------------------------------------------------
MOD: d_opencart_patch
FILE: admin/controller/extension/extension/dashboard.php
CODE: 'dashboard_' . $this->request->get['extension']
NOT FOUND!
CODE: $this->load->controller('extension/dashboard/' . $this->request->get['extension'] . '/uninstall');
LINE: 48
CODE: $this->model_extension_extension->uninstall('dashboard', $value);
LINE: 94
FILE: admin/controller/event/compatibility.php
CODE: $route = $part[1] . '/' . $part[2];
LINE: 9
LINE: 20
FILE: admin/controller/extension/extension/feed.php
CODE: $this->model_user_user_group->addPermission($this->user->getGroupId(), 'modify', 'extension/feed/' . $this->request->get['extension']);
LINE: 28
FILE: admin/controller/extension/extension/fraud.php
CODE: $this->model_user_user_group->addPermission($this->user->getGroupId(), 'modify', 'extension/fraud/' . $this->request->get['extension']);
LINE: 28
FILE: admin/controller/extension/extension/module.php
CODE: $this->model_user_user_group->addPermission($this->user->getGroupId(), 'modify', 'extension/module/' . $this->request->get['extension']);
LINE: 34
CODE: $data['extensions'][] = array(
LINE: 180
FILE: admin/controller/extension/extension/payment.php
CODE: $this->model_user_user_group->addPermission($this->user->getGroupId(), 'modify', 'extension/payment/' . $this->request->get['extension']);
LINE: 28
FILE: admin/controller/extension/extension/shipping.php
CODE: $this->model_user_user_group->addPermission($this->user->getGroupId(), 'modify', 'extension/shipping/' . $this->request->get['extension']);
LINE: 28
FILE: admin/controller/extension/extension/theme.php
CODE: $this->model_user_user_group->addPermission($this->user->getGroupId(), 'modify', 'extension/theme/' . $this->request->get['extension']);
LINE: 29
FILE: admin/controller/extension/extension/total.php
CODE: $this->model_user_user_group->addPermission($this->user->getGroupId(), 'modify', 'extension/total/' . $this->request->get['extension']);
LINE: 29
FILE: catalog/controller/event/compatibility.php
CODE: $route = $part[1] . '/' . $part[2];
LINE: 27
LINE: 37
LINE: 55
FILE: system/library/cart/user.php
CODE: return in_array($value, $this->permission[$key]);
LINE: 72
FILE: system/config/catalog.php
CODE: $_['action_event'] = array(
LINE: 61
CODE: class ControllerEventCompatibility extends Controller {
LINE: 5
CODE: public function view(&$route, &$data) {
LINE: 40
FILE: admin/model/localisation/language.php
CODE: $this->db->query("DELETE FROM " . DB_PREFIX . "banner_image_description WHERE language_id = '" . (int)$language_id . "'");
NOT FOUND!
FILE: admin/view/template/extension/extension/analytics.tpl
CODE: <?php } ?>
LINE: 32
CODE: <?php } else { ?>
LINE: 48
FILE: admin/controller/user/user_permission.php
CODE: $permission = substr($controller, 0, strrpos($controller, '.'));
LINE: 383
----------------------------------------------------------------
MOD: d_twig_manager
CODE: $file = DIR_TEMPLATE . $template;
NOT FOUND!
CODE: $output = $template->render($route . '.tpl'
LINE: 92
----------------------------------------------------------------
MOD: Local copy OCMOD by iSenseLabs
FILE: admin/controller/extension/installer.php
CODE: 'url'  => str_replace('&amp;', '&', $this->url->link('extension/installer/ftp', 'token=' . $this->session->data['token'],
LINE: 131
CODE: public function unzip() {
LINE: 292
----------------------------------------------------------------
2018-04-05 17:44:22 - MOD: Modification Default

FILE: system/engine/action.php
REGEX: ~(require|include)(_once)?\(([^)]+)~
LINE: 41

FILE: system/engine/loader.php
REGEX: ~(require|include)(_once)?\(([^)]+)~
LINE: 49
LINE: 108
LINE: 120
LINE: 165

FILE: system/library/config.php
REGEX: ~(require|include)(_once)?\(([^)]+)~
LINE: 23

FILE: system/library/language.php
REGEX: ~(require|include)(_once)?\(([^)]+)~
LINE: 38
LINE: 40
LINE: 49
LINE: 51
LINE: 60
LINE: 62

FILE: system/library/template/php.php
REGEX: ~(require|include)(_once)?\(([^)]+)~
LINE: 18

FILE: system/library/template/tiwg.php
REGEX: ~(require|include)(_once)?\(([^)]+)~
LINE: 24

FILE: system/library/template/twig.php
NOT FOUND - OPERATIONS ABORTED!
----------------------------------------------------------------
MOD: d_event_manager_startup

FILE: system/library/d_event_manager/action.php
REGEX: ~(require|include)(_once)?\(([^)]+)~
LINE: 44

FILE: system/library/d_event_manager/event.php
NOT FOUND - OPERATIONS ABORTED!

FILE: system/library/d_event_manager/loader.php
REGEX: ~(require|include)(_once)?\(([^)]+)~
LINE: 165

FILE: system/library/d_event_manager/proxy.php
NOT FOUND - OPERATIONS ABORTED!
----------------------------------------------------------------
MOD: fondy_payment

FILE: catalog/controller/checkout/checkout.php
CODE: public function index() {
LINE: 11

FILE: catalog/view/theme/default/template/checkout/checkout.tpl
CODE: <h1><?php echo $heading_title; ?></h1>
LINE: 26
----------------------------------------------------------------
MOD: OcStore 2.3.x track number

FILE: admin/controller/sale/order.php
CODE: $data['shipping_method'] = $order_info['shipping_method'];
LINE: 567
LINE: 942
CODE: public function history() {
LINE: 1545

FILE: admin/model/sale/order.php
CODE: $order_query->row['order_id'],
LINE: 96

FILE: catalog/model/checkout/order.php
CODE: $order_query->row['order_id'],
LINE: 170

FILE: admin/view/template/sale/order_info.tpl
CODE: <td><?php echo $text_reward; ?></td>
LINE: 100
CODE: <?php echo $footer; ?>
LINE: 700

FILE: catalog/model/account/order.php
CODE: $order_query->row['order_id'],
LINE: 46

FILE: catalog/controller/account/order.php
CODE: if ($order_info['invoice_no']) {
LINE: 210

FILE: catalog/view/theme/default/template/account/order_info.tpl
CODE: <b><?php echo $text_shipping_method; ?></b> <?php echo $shipping_method; ?>
LINE: 49
----------------------------------------------------------------
MOD: Local copy OCMOD by iSenseLabs

FILE: admin/controller/extension/installer.php
CODE: 'url'  => str_replace('&amp;', '&', $this->url->link('extension/installer/ftp', 'token=' . $this->session->data['token'],
LINE: 131
CODE: public function unzip() {
LINE: 292
----------------------------------------------------------------
MOD: d_opencart_patch

FILE: admin/controller/extension/extension/dashboard.php
CODE: 'dashboard_' . $this->request->get['extension']
NOT FOUND - OPERATION SKIPPED!
CODE: $this->load->controller('extension/dashboard/' . $this->request->get['extension'] . '/uninstall');
LINE: 48
CODE: $this->model_extension_extension->uninstall('dashboard', $value);
LINE: 94

FILE: admin/controller/event/compatibility.php
CODE: $route = $part[1] . '/' . $part[2];
LINE: 9
LINE: 20

FILE: admin/controller/extension/extension/feed.php
CODE: $this->model_user_user_group->addPermission($this->user->getGroupId(), 'modify', 'extension/feed/' . $this->request->get['extension']);
LINE: 28

FILE: admin/controller/extension/extension/fraud.php
CODE: $this->model_user_user_group->addPermission($this->user->getGroupId(), 'modify', 'extension/fraud/' . $this->request->get['extension']);
LINE: 28

FILE: admin/controller/extension/extension/module.php
CODE: $this->model_user_user_group->addPermission($this->user->getGroupId(), 'modify', 'extension/module/' . $this->request->get['extension']);
LINE: 34
CODE: $data['extensions'][] = array(
LINE: 180

FILE: admin/controller/extension/extension/payment.php
CODE: $this->model_user_user_group->addPermission($this->user->getGroupId(), 'modify', 'extension/payment/' . $this->request->get['extension']);
LINE: 28

FILE: admin/controller/extension/extension/shipping.php
CODE: $this->model_user_user_group->addPermission($this->user->getGroupId(), 'modify', 'extension/shipping/' . $this->request->get['extension']);
LINE: 28

FILE: admin/controller/extension/extension/theme.php
CODE: $this->model_user_user_group->addPermission($this->user->getGroupId(), 'modify', 'extension/theme/' . $this->request->get['extension']);
LINE: 29

FILE: admin/controller/extension/extension/total.php
CODE: $this->model_user_user_group->addPermission($this->user->getGroupId(), 'modify', 'extension/total/' . $this->request->get['extension']);
LINE: 29

FILE: catalog/controller/event/compatibility.php
CODE: $route = $part[1] . '/' . $part[2];
LINE: 27
LINE: 37
LINE: 55

FILE: system/library/cart/user.php
CODE: return in_array($value, $this->permission[$key]);
LINE: 72

FILE: system/config/catalog.php
CODE: $_['action_event'] = array(
LINE: 61
CODE: class ControllerEventCompatibility extends Controller {
LINE: 5
CODE: public function view(&$route, &$data) {
LINE: 40

FILE: admin/model/localisation/language.php
CODE: $this->db->query("DELETE FROM " . DB_PREFIX . "banner_image_description WHERE language_id = '" . (int)$language_id . "'");
NOT FOUND - OPERATION SKIPPED!

FILE: admin/view/template/extension/extension/analytics.tpl
CODE: <?php } ?>
LINE: 32
CODE: <?php } else { ?>
LINE: 48

FILE: admin/controller/user/user_permission.php
CODE: $permission = substr($controller, 0, strrpos($controller, '.'));
LINE: 383
----------------------------------------------------------------
MOD: d_twig_manager
CODE: $file = DIR_TEMPLATE . $template;
NOT FOUND - OPERATION SKIPPED!
CODE: $output = $template->render($route . '.tpl'
LINE: 92
----------------------------------------------------------------
MOD: Featured Plus [230x]

FILE: admin/controller/extension/module/featured.php
CODE: if (isset($this->request->post['status']))
LINE: 183

FILE: admin/view/template/extension/module/featured.tpl
CODE: <div class="form-group">
LINE: 70

FILE: catalog/controller/extension/module/featured.php
CODE: $products =
LINE: 38

FILE: admin/language/en-gb/extension/module/featured.php
CODE: <?php
LINE: 6

FILE: admin/language/ru-ru/extension/module/featured.php
CODE: <?php
LINE: 6
----------------------------------------------------------------
